<?xml version="1.0" encoding="UTF-8"?>
<jboss-deployment-structure>
    <deployment>
        <!--<exclusions>-->
            <!--<module name="org.jboss.resteasy.resteasy-jackson-provider"/>-->
        <!--</exclusions>-->
        <dependencies>
            <module name="org.codehaus.jackson.jackson-jaxrs" services="import"/>
        </dependencies>
    </deployment>
</jboss-deployment-structure>
